<?xml version="1.0" encoding="UTF-8"?>
<!-- Generated by org.testng.reporters.JUnitXMLReporter -->
<testsuite hostname="LAPTOP-N7QL8RHN" ignored="0" name="Test the google page" tests="6" failures="0" timestamp="28 Jun 2020 14:16:30 GMT" time="49.757" errors="0">
  <testcase name="test1" time="0.005" classname="testNGconceptPKG.Googlepage"/>
  <testcase name="test2" time="0.002" classname="testNGconceptPKG.Googlepage"/>
  <testcase name="test3" time="0.001" classname="testNGconceptPKG.Googlepage"/>
  <testcase name="maillinkTest" time="0.086" classname="testNGconceptPKG.Googlepage"/>
  <testcase name="googleLogoTest" time="0.192" classname="testNGconceptPKG.Googlepage"/>
  <testcase name="googleTitleTest" time="0.007" classname="testNGconceptPKG.Googlepage"/>
</testsuite> <!-- Test the google page -->
